17:11:57 ---------------------------------------------------------- 
17:11:57 Test Suit Name: Default Suit 
17:11:57 ---------------------------------------------------------- 
17:11:57 Providing Log4j configuration settings 
17:11:57 Initializing Application Setup 
17:11:57 Loading Chrome Driver 
17:11:57 Chrome Browser Loaded, Initializing Chrome Browser 
17:12:01 Chrome Browser Launch Successfully 
17:12:02 Application URL Found 	https://10.10.26.14:8443/# 
17:12:04 ========================================== 
17:12:04 TEST_CASE_START: verify_check_device_action_enabling_call_sms 
17:12:04 ========================================== 
17:12:04 Retrieving object LOGIN_USERNAME type 'id' & value 'unWrap' from OR 
17:12:04 LOGIN_USERNAME Element is found 
17:12:04 Retrieving object LOGIN_PASSWORD type 'id' & value 'pwdBkr' from OR 
17:12:04 LOGIN_PASSWORD Element is found 
17:12:05 Retrieving object LOGIN_BUTTON type 'xpath' & value './/*[@id='signInForm']/div/div/div[8]/div/button' from OR 
17:12:05 LOGIN_BUTTON Element is found 
17:12:08 User Login Successfully 
17:12:08 Retrieving object MANAGE_TAB type 'linktext' & value 'Manage' from OR 
17:12:08 MANAGE_TAB Element is found 
17:12:09 Retrieving object DEVICES_TAB type 'linktext' & value 'Devices' from OR 
17:12:09 DEVICES_TAB Element is found 
17:12:10 Retrieving object SEARCH_BOX_LIST_PAGE type 'xpath' & value '//div[@class='col-md-8 padding-none']/input' from OR 
17:12:11 SEARCH_BOX_LIST_PAGE Element is found 
17:12:12 Retrieving object DEVICE_SELECTION_CHKBOX type 'xpath' & value '//div[@id='uniform-undefined']' from OR 
17:12:12 DEVICE_SELECTION_CHKBOX Element is found 
17:12:13 Retrieving object DEVICE_WITH_SELECTED_DRPDWN type 'xpath' & value '//button[@data-id='device-action-drop-down']' from OR 
17:12:14 DEVICE_WITH_SELECTED_DRPDWN Element is found 
17:12:15 Dropdown Value to select isDevice actions 
17:12:15 Retrieving object DEVICE_WITH_SELECTED_DRPDWN_VALUES type 'xpath' & value '//div[@class='dropdown-menu open']/ul/li' from OR 
17:12:15 Number of Values in dropdown list is: 36 
17:12:15 Values from dropdown is:  
17:12:15 Values from dropdown is: Send Enrollment Request 
17:12:15 Values from dropdown is: Delete 
17:12:15 Values from dropdown is: Move to group 
17:12:15 Values from dropdown is: Export 
17:12:15 Values from dropdown is: Locate on Map 
17:12:15 Values from dropdown is: Apply Configuration 
17:12:15 Clicked On Dropdown ElementDevice actions 
17:12:15 Values from dropdown is: Device actions 
17:12:16 Retrieving object DEVICE_WITH_SELECTED_DEVICE_ACTION_DRPDWN type 'xpath' & value '//button[@data-id='device-basic-action-drop-down']	' from OR 
17:12:16 DEVICE_WITH_SELECTED_DEVICE_ACTION_DRPDWN Element is found 
17:12:17 Dropdown Value to select isCall/SMS Monitoring ON 
17:12:17 Retrieving object DEVICE_WITH_SELECTED_DEVICE_ACTION_DRPDWN_VALUE type 'xpath' & value '//div[@class='dropdown-menu open']/ul/li' from OR 
17:12:17 Number of Values in dropdown list is: 36 
17:12:17 Values from dropdown is:  
17:12:17 Values from dropdown is:  
17:12:17 Values from dropdown is:  
17:12:17 Values from dropdown is:  
17:12:17 Values from dropdown is:  
17:12:17 Values from dropdown is:  
17:12:17 Values from dropdown is:  
17:12:17 Values from dropdown is:  
17:12:17 Values from dropdown is:  
17:12:17 Values from dropdown is:  
17:12:17 Values from dropdown is:  
17:12:17 Values from dropdown is:  
17:12:17 Values from dropdown is: Approve 
17:12:18 Values from dropdown is: Sync 
17:12:18 Values from dropdown is: Locate 
17:12:18 Values from dropdown is: Trace On 
17:12:18 Values from dropdown is: Trace Off 
17:12:18 Values from dropdown is: Scan 
17:12:18 Values from dropdown is: Broadcast Message 
17:12:18 Clicked On Dropdown ElementCall/SMS Monitoring ON 
17:12:18 Values from dropdown is: Call/SMS Monitoring ON 
17:12:19 Retrieving object DEVICE_SUBMIT_BUTTON type 'xpath' & value '//button[@id='device-action-submit-btn']' from OR 
17:12:19 DEVICE_SUBMIT_BUTTON Element is found 
17:12:20 Retrieving object DEVICE_SUBMIT_CONFIRMATION_OK_BUTTON type 'xpath' & value '//button[@data-bb-handler='confirm']' from OR 
17:12:20 DEVICE_SUBMIT_CONFIRMATION_OK_BUTTON Element is found 
17:12:24 Retrieving object EDIT_DEVICE_ON_LIST_PAGE type 'xpath' & value './/*[@id='dt-device-list']/tbody/tr[1]/td[12]/div/a[1]/i' from OR 
17:12:24 EDIT_DEVICE_ON_LIST_PAGE Element is found 
17:12:28 Retrieving object DEVICE_ACTIVITY_STATUS_TAB type 'xpath' & value '//ul[@id='tabs']/li[8]' from OR 
17:12:28 DEVICE_ACTIVITY_STATUS_TAB Element is found 
17:12:30 Retrieving object DEVICE_ACTIVITY_TABLE_FIRST_ELEMENT_TEXT type 'xpath' & value '//*[@id="activityTable"]/tbody/tr[1]/td/div/span/span[2]/b' from OR 
17:12:30 DEVICE_ACTIVITY_TABLE_FIRST_ELEMENT_TEXT Element is found 
17:12:30 SMS/CALL Enabled succfully 
17:12:30 ========================================== 
17:12:30 RESULT: TEST_CASE_PASS verify_check_device_action_enabling_call_sms 
17:12:30 ========================================== 
17:12:30 END_OF_TEST_CASE: verify_check_device_action_enabling_call_sms 
17:12:30 ========================================== 
17:12:30 Closing Application 
17:12:31 Initializing Application Setup 
17:12:31 Loading Chrome Driver 
17:12:31 Chrome Browser Loaded, Initializing Chrome Browser 
17:12:35 Chrome Browser Launch Successfully 
17:12:35 Application URL Found 	https://10.10.26.14:8443/# 
17:12:37 ========================================== 
17:12:37 TEST_CASE_START: verify_check_search_command_policy_config_on_activity_tab 
17:12:37 ========================================== 
17:12:37 Retrieving object LOGIN_USERNAME type 'id' & value 'unWrap' from OR 
17:12:37 LOGIN_USERNAME Element is found 
17:12:37 Retrieving object LOGIN_PASSWORD type 'id' & value 'pwdBkr' from OR 
17:12:38 LOGIN_PASSWORD Element is found 
17:12:38 Retrieving object LOGIN_BUTTON type 'xpath' & value './/*[@id='signInForm']/div/div/div[8]/div/button' from OR 
17:12:38 LOGIN_BUTTON Element is found 
17:12:41 User Login Successfully 
17:12:41 Retrieving object MANAGE_TAB type 'linktext' & value 'Manage' from OR 
17:12:42 MANAGE_TAB Element is found 
17:12:42 Retrieving object DEVICES_TAB type 'linktext' & value 'Devices' from OR 
17:12:42 DEVICES_TAB Element is found 
17:12:43 Retrieving object SEARCH_BOX_LIST_PAGE type 'xpath' & value '//div[@class='col-md-8 padding-none']/input' from OR 
17:12:44 SEARCH_BOX_LIST_PAGE Element is found 
17:12:45 Retrieving object EDIT_DEVICE_ON_LIST_PAGE type 'xpath' & value './/*[@id='dt-device-list']/tbody/tr[1]/td[12]/div/a[1]/i' from OR 
17:12:45 EDIT_DEVICE_ON_LIST_PAGE Element is found 
17:12:49 Retrieving object DEVICE_ACTIVITY_STATUS_TAB type 'xpath' & value '//ul[@id='tabs']/li[8]' from OR 
17:12:49 DEVICE_ACTIVITY_STATUS_TAB Element is found 
17:12:52 Retrieving object DEVICE_SEARCH_ACTIVITY_SEARCH_BOX type 'xpath' & value '//input[@class='form-control' and @aria-controls='activityTable']' from OR 
17:12:52 DEVICE_SEARCH_ACTIVITY_SEARCH_BOX Element is found 
17:12:54 Retrieving object DEVICE_ACTIVITY_TABLE_FIRST_ELEMENT_TEXT type 'xpath' & value '//*[@id="activityTable"]/tbody/tr[1]/td/div/span/span[2]/b' from OR 
17:12:54 DEVICE_ACTIVITY_TABLE_FIRST_ELEMENT_TEXT Element is found 
17:12:54 Push Configuration notification verified 
17:12:54 Retrieving object DEVICE_SEARCH_ACTIVITY_SEARCH_BOX type 'xpath' & value '//input[@class='form-control' and @aria-controls='activityTable']' from OR 
17:12:54 DEVICE_SEARCH_ACTIVITY_SEARCH_BOX Element is found 
17:12:54 Retrieving object DEVICE_SEARCH_ACTIVITY_SEARCH_BOX type 'xpath' & value '//input[@class='form-control' and @aria-controls='activityTable']' from OR 
17:12:54 DEVICE_SEARCH_ACTIVITY_SEARCH_BOX Element is found 
17:12:56 Retrieving object DEVICE_ACTIVITY_TABLE_FIRST_ELEMENT_TEXT type 'xpath' & value '//*[@id="activityTable"]/tbody/tr[1]/td/div/span/span[2]/b' from OR 
17:12:56 DEVICE_ACTIVITY_TABLE_FIRST_ELEMENT_TEXT Element is found 
17:12:56 SMS/CALL Enable command text notification verified 
17:12:56 Retrieving object DEVICE_SEARCH_ACTIVITY_SEARCH_BOX type 'xpath' & value '//input[@class='form-control' and @aria-controls='activityTable']' from OR 
17:12:56 DEVICE_SEARCH_ACTIVITY_SEARCH_BOX Element is found 
17:12:56 Retrieving object DEVICE_SEARCH_ACTIVITY_SEARCH_BOX type 'xpath' & value '//input[@class='form-control' and @aria-controls='activityTable']' from OR 
17:12:56 DEVICE_SEARCH_ACTIVITY_SEARCH_BOX Element is found 
17:12:58 Retrieving object DEVICE_ACTIVITY_TABLE_FIRST_ELEMENT_TEXT type 'xpath' & value '//*[@id="activityTable"]/tbody/tr[1]/td/div/span/span[2]/b' from OR 
17:12:58 DEVICE_ACTIVITY_TABLE_FIRST_ELEMENT_TEXT Element is found 
17:12:58 Push Policy notification verified 
17:12:58 ========================================== 
17:12:58 RESULT: TEST_CASE_PASS verify_check_search_command_policy_config_on_activity_tab 
17:12:58 ========================================== 
17:12:58 END_OF_TEST_CASE: verify_check_search_command_policy_config_on_activity_tab 
17:12:58 ========================================== 
17:12:58 Closing Application 
17:12:59 searching for batch file ......... 
17:12:59 C:\Users\test\git\QUICKHEAL_REMOTE\MDM\MDM_Sanity_Test_Report.bat 
17:12:59 Batch Executed Successfully .......... 
17:12:59 I am in after suite, Batch file executed successfully 
17:12:59 END OF:Default suite 
